# JRE version: Java(TM) SE Runtime Environment (7.0_45-b18) (build 1.7.0_45-b18)
# Java VM: Java HotSpot(TM) 64-Bit Server VM (24.45-b08 mixed mode windows-amd64 compressed oops)
Heap
 PSYoungGen      total 55296K, used 31456K [0x00000000e0000000, 0x00000000e3e00000, 0x0000000100000000)
  eden space 48640K, 53% used [0x00000000e0000000,0x00000000e19313e8,0x00000000e2f80000)
  from space 6656K, 85% used [0x00000000e3680000,0x00000000e3c06e98,0x00000000e3d00000)
  to   space 7168K, 0% used [0x00000000e2f80000,0x00000000e2f80000,0x00000000e3680000)
 ParOldGen       total 65536K, used 4981K [0x00000000a0000000, 0x00000000a4000000, 0x00000000e0000000)
  object space 65536K, 7% used [0x00000000a0000000,0x00000000a04dd558,0x00000000a4000000)
 PSPermGen       total 21504K, used 15774K [0x000000009ae00000, 0x000000009c300000, 0x00000000a0000000)
  object space 21504K, 73% used [0x000000009ae00000,0x000000009bd67b78,0x000000009c300000)
GC Heap History (10 events):
Event: 3.269 GC heap before
{Heap before GC invocations=2 (full 0):
 PSYoungGen      total 28672K, used 28484K [0x00000000e0000000, 0x00000000e2000000, 0x0000000100000000)
  eden space 24576K, 100% used [0x00000000e0000000,0x00000000e1800000,0x00000000e1800000)
  from space 4096K, 95% used [0x00000000e1800000,0x00000000e1bd1388,0x00000000e1c00000)
  to   space 4096K, 0% used [0x00000000e1c00000,0x00000000e1c00000,0x00000000e2000000)
 ParOldGen       total 65536K, used 0K [0x00000000a0000000, 0x00000000a4000000, 0x00000000e0000000)
  object space 65536K, 0% used [0x00000000a0000000,0x00000000a0000000,0x00000000a4000000)
 PSPermGen       total 21504K, used 9426K [0x000000009ae00000, 0x000000009c300000, 0x00000000a0000000)
  object space 21504K, 43% used [0x000000009ae00000,0x000000009b734aa0,0x000000009c300000)
Event: 3.279 GC heap after
Heap after GC invocations=2 (full 0):
 PSYoungGen      total 28672K, used 4095K [0x00000000e0000000, 0x00000000e2000000, 0x0000000100000000)
  eden space 24576K, 0% used [0x00000000e0000000,0x00000000e0000000,0x00000000e1800000)
  from space 4096K, 99% used [0x00000000e1c00000,0x00000000e1fffe90,0x00000000e2000000)
  to   space 4096K, 0% used [0x00000000e1800000,0x00000000e1800000,0x00000000e1c00000)
 ParOldGen       total 65536K, used 383K [0x00000000a0000000, 0x00000000a4000000, 0x00000000e0000000)
  object space 65536K, 0% used [0x00000000a0000000,0x00000000a005fc40,0x00000000a4000000)
 PSPermGen       total 21504K, used 9426K [0x000000009ae00000, 0x000000009c300000, 0x00000000a0000000)
  object space 21504K, 43% used [0x000000009ae00000,0x000000009b734aa0,0x000000009c300000)
}
Event: 4.660 GC heap before
{Heap before GC invocations=3 (full 0):
 PSYoungGen      total 28672K, used 28671K [0x00000000e0000000, 0x00000000e2000000, 0x0000000100000000)
  eden space 24576K, 100% used [0x00000000e0000000,0x00000000e1800000,0x00000000e1800000)
  from space 4096K, 99% used [0x00000000e1c00000,0x00000000e1fffe90,0x00000000e2000000)
  to   space 4096K, 0% used [0x00000000e1800000,0x00000000e1800000,0x00000000e1c00000)
 ParOldGen       total 65536K, used 383K [0x00000000a0000000, 0x00000000a4000000, 0x00000000e0000000)
  object space 65536K, 0% used [0x00000000a0000000,0x00000000a005fc40,0x00000000a4000000)
 PSPermGen       total 21504K, used 12130K [0x000000009ae00000, 0x000000009c300000, 0x00000000a0000000)
  object space 21504K, 56% used [0x000000009ae00000,0x000000009b9d8b50,0x000000009c300000)
Event: 4.674 GC heap after
Heap after GC invocations=3 (full 0):
 PSYoungGen      total 28672K, used 4080K [0x00000000e0000000, 0x00000000e2000000, 0x0000000100000000)
  eden space 24576K, 0% used [0x00000000e0000000,0x00000000e0000000,0x00000000e1800000)
  from space 4096K, 99% used [0x00000000e1800000,0x00000000e1bfc010,0x00000000e1c00000)
  to   space 4096K, 0% used [0x00000000e1c00000,0x00000000e1c00000,0x00000000e2000000)
 ParOldGen       total 65536K, used 2107K [0x00000000a0000000, 0x00000000a4000000, 0x00000000e0000000)
  object space 65536K, 3% used [0x00000000a0000000,0x00000000a020ed20,0x00000000a4000000)
 PSPermGen       total 21504K, used 12130K [0x000000009ae00000, 0x000000009c300000, 0x00000000a0000000)
  object space 21504K, 56% used [0x000000009ae00000,0x000000009b9d8b50,0x000000009c300000)
}
Event: 5.442 GC heap before
{Heap before GC invocations=4 (full 0):
 PSYoungGen      total 28672K, used 28656K [0x00000000e0000000, 0x00000000e2000000, 0x0000000100000000)
  eden space 24576K, 100% used [0x00000000e0000000,0x00000000e1800000,0x00000000e1800000)
  from space 4096K, 99% used [0x00000000e1800000,0x00000000e1bfc010,0x00000000e1c00000)
  to   space 4096K, 0% used [0x00000000e1c00000,0x00000000e1c00000,0x00000000e2000000)
 ParOldGen       total 65536K, used 2107K [0x00000000a0000000, 0x00000000a4000000, 0x00000000e0000000)
  object space 65536K, 3% used [0x00000000a0000000,0x00000000a020ed20,0x00000000a4000000)
 PSPermGen       total 21504K, used 12276K [0x000000009ae00000, 0x000000009c300000, 0x00000000a0000000)
  object space 21504K, 57% used [0x000000009ae00000,0x000000009b9fd050,0x000000009c300000)
Event: 5.516 GC heap after
Heap after GC invocations=4 (full 0):
 PSYoungGen      total 28672K, used 4096K [0x00000000e0000000, 0x00000000e3800000, 0x0000000100000000)
  eden space 24576K, 0% used [0x00000000e0000000,0x00000000e0000000,0x00000000e1800000)
  from space 4096K, 100% used [0x00000000e1c00000,0x00000000e2000000,0x00000000e2000000)
  to   space 4096K, 0% used [0x00000000e1800000,0x00000000e1800000,0x00000000e1c00000)
 ParOldGen       total 65536K, used 3112K [0x00000000a0000000, 0x00000000a4000000, 0x00000000e0000000)
  object space 65536K, 4% used [0x00000000a0000000,0x00000000a030a380,0x00000000a4000000)
 PSPermGen       total 21504K, used 12276K [0x000000009ae00000, 0x000000009c300000, 0x00000000a0000000)
  object space 21504K, 57% used [0x000000009ae00000,0x000000009b9fd050,0x000000009c300000)
}
Event: 6.403 GC heap before
{Heap before GC invocations=5 (full 0):
 PSYoungGen      total 28672K, used 28672K [0x00000000e0000000, 0x00000000e3800000, 0x0000000100000000)
  eden space 24576K, 100% used [0x00000000e0000000,0x00000000e1800000,0x00000000e1800000)
  from space 4096K, 100% used [0x00000000e1c00000,0x00000000e2000000,0x00000000e2000000)
  to   space 4096K, 0% used [0x00000000e1800000,0x00000000e1800000,0x00000000e1c00000)
 ParOldGen       total 65536K, used 3112K [0x00000000a0000000, 0x00000000a4000000, 0x00000000e0000000)
  object space 65536K, 4% used [0x00000000a0000000,0x00000000a030a380,0x00000000a4000000)
 PSPermGen       total 21504K, used 13054K [0x000000009ae00000, 0x000000009c300000, 0x00000000a0000000)
  object space 21504K, 60% used [0x000000009ae00000,0x000000009babf970,0x000000009c300000)
Event: 6.417 GC heap after
Heap after GC invocations=5 (full 0):
 PSYoungGen      total 28672K, used 4080K [0x00000000e0000000, 0x00000000e3d00000, 0x0000000100000000)
  eden space 24576K, 0% used [0x00000000e0000000,0x00000000e0000000,0x00000000e1800000)
  from space 4096K, 99% used [0x00000000e1800000,0x00000000e1bfc010,0x00000000e1c00000)
  to   space 6656K, 0% used [0x00000000e3680000,0x00000000e3680000,0x00000000e3d00000)
 ParOldGen       total 65536K, used 4973K [0x00000000a0000000, 0x00000000a4000000, 0x00000000e0000000)
  object space 65536K, 7% used [0x00000000a0000000,0x00000000a04db558,0x00000000a4000000)
 PSPermGen       total 21504K, used 13054K [0x000000009ae00000, 0x000000009c300000, 0x00000000a0000000)
  object space 21504K, 60% used [0x000000009ae00000,0x000000009babf970,0x000000009c300000)
}
Event: 7.625 GC heap before
{Heap before GC invocations=6 (full 0):
 PSYoungGen      total 28672K, used 28656K [0x00000000e0000000, 0x00000000e3d00000, 0x0000000100000000)
  eden space 24576K, 100% used [0x00000000e0000000,0x00000000e1800000,0x00000000e1800000)
  from space 4096K, 99% used [0x00000000e1800000,0x00000000e1bfc010,0x00000000e1c00000)
  to   space 6656K, 0% used [0x00000000e3680000,0x00000000e3680000,0x00000000e3d00000)
 ParOldGen       total 65536K, used 4973K [0x00000000a0000000, 0x00000000a4000000, 0x00000000e0000000)
  object space 65536K, 7% used [0x00000000a0000000,0x00000000a04db558,0x00000000a4000000)
 PSPermGen       total 21504K, used 14079K [0x000000009ae00000, 0x000000009c300000, 0x00000000a0000000)
  object space 21504K, 65% used [0x000000009ae00000,0x000000009bbbfc28,0x000000009c300000)
Event: 7.703 GC heap after
Heap after GC invocations=6 (full 0):
 PSYoungGen      total 55296K, used 5659K [0x00000000e0000000, 0x00000000e3e00000, 0x0000000100000000)
  eden space 48640K, 0% used [0x00000000e0000000,0x00000000e0000000,0x00000000e2f80000)
  from space 6656K, 85% used [0x00000000e3680000,0x00000000e3c06e98,0x00000000e3d00000)
  to   space 7168K, 0% used [0x00000000e2f80000,0x00000000e2f80000,0x00000000e3680000)
 ParOldGen       total 65536K, used 4981K [0x00000000a0000000, 0x00000000a4000000, 0x00000000e0000000)
  object space 65536K, 7% used [0x00000000a0000000,0x00000000a04dd558,0x00000000a4000000)
 PSPermGen       total 21504K, used 14079K [0x000000009ae00000, 0x000000009c300000, 0x00000000a0000000)
  object space 21504K, 65% used [0x000000009ae00000,0x000000009bbbfc28,0x000000009c300000)
}

